d:\programming\assignment\assignment\x64\debug\vc143.pdb
d:\programming\assignment\assignment\x64\debug\vc143.idb
d:\programming\assignment\assignment\x64\debug\tilesset.obj
d:\programming\assignment\assignment\x64\debug\camera.obj
d:\programming\assignment\assignment\x64\debug\world.obj
d:\programming\assignment\assignment\x64\debug\main.obj
d:\programming\assignment\assignment\x64\debug\constvalues.obj
d:\programming\assignment\assignment\x64\debug\player.obj
d:\programming\assignment\assignment\x64\debug\assignment.ilk
d:\programming\assignment\assignment\x64\debug\constants.obj
d:\programming\assignment\assignment\x64\debug\constantsvalue.obj
d:\programming\assignment\x64\debug\assignment.pdb
d:\programming\assignment\x64\debug\assignment.exe
d:\programming\assignment\assignment\x64\debug\assignment.tlog\cl.command.1.tlog
d:\programming\assignment\assignment\x64\debug\assignment.tlog\cl.items.tlog
d:\programming\assignment\assignment\x64\debug\assignment.tlog\cl.read.1.tlog
d:\programming\assignment\assignment\x64\debug\assignment.tlog\cl.write.1.tlog
d:\programming\assignment\assignment\x64\debug\assignment.tlog\link.command.1.tlog
d:\programming\assignment\assignment\x64\debug\assignment.tlog\link.read.1.tlog
d:\programming\assignment\assignment\x64\debug\assignment.tlog\link.secondary.1.tlog
d:\programming\assignment\assignment\x64\debug\assignment.tlog\link.write.1.tlog
